<?xml version="1.0" encoding="UTF-8"?>
<robot generator="Robot 7.3.2 (Python 3.11.9 on win32)" generated="2025-08-03T17:02:45.204284" rpa="false" schemaversion="5">
<suite id="s1" name="Test" source="C:\Users\class\OneDrive\เอกสาร\GitHub\Monomax_web_automation\project\test.robot">
<test id="s1-t1" name="tc-002 login sucessfully and visit package basic 99 / month" line="62">
<kw name="Login">
<kw name="Open Website Monomax">
<kw name="Open Browser" owner="SeleniumLibrary">
<msg time="2025-08-03T17:02:45.356950" level="INFO">Opening browser 'chrome' to base url 'https://staging.monomax.me/'.</msg>
<arg>${xpath-Open Website Monomax-Staging}</arg>
<arg>browser=chrome</arg>
<doc>Opens a new browser instance to the optional ``url``.</doc>
<status status="PASS" start="2025-08-03T17:02:45.356950" elapsed="6.937572"/>
</kw>
<status status="PASS" start="2025-08-03T17:02:45.356950" elapsed="6.937572"/>
</kw>
<kw name="wait website ready">
<kw name="Wait Until Element Is Enabled" owner="SeleniumLibrary">
<arg>${xpath-wait website ready}</arg>
<doc>Waits until the element ``locator`` is enabled.</doc>
<status status="PASS" start="2025-08-03T17:02:52.295525" elapsed="0.017048"/>
</kw>
<status status="PASS" start="2025-08-03T17:02:52.294522" elapsed="0.018051"/>
</kw>
<kw name="click open pop-up login">
<kw name="Click Button" owner="SeleniumLibrary">
<msg time="2025-08-03T17:02:52.313575" level="INFO">Clicking button 'xpath=//button[normalize-space()='เข้าสู่ระบบ'][@class='md:block rounded-lg font-bold whitespace-nowrap transition duration-200 ease-in-out px-4 py-2 bg-transparent text-ui-secondary border-2 border-ui-primary hover:bg-ui-primary/30 active:bg-transparent']'.</msg>
<arg>${xpath-click open pop-up login}</arg>
<doc>Clicks the button identified by ``locator``.</doc>
<status status="PASS" start="2025-08-03T17:02:52.313575" elapsed="0.058860"/>
</kw>
<status status="PASS" start="2025-08-03T17:02:52.312573" elapsed="0.060759"/>
</kw>
<kw name="click login with pass">
<kw name="Click Element" owner="SeleniumLibrary">
<msg time="2025-08-03T17:02:52.373332" level="INFO">Clicking element 'xpath=//div//span[@class='cursor-pointer']'.</msg>
<arg>${xpath-click login with pass}</arg>
<doc>Click the element identified by ``locator``.</doc>
<status status="PASS" start="2025-08-03T17:02:52.373332" elapsed="0.042218"/>
</kw>
<status status="PASS" start="2025-08-03T17:02:52.373332" elapsed="0.042218"/>
</kw>
<kw name="input user">
<kw name="Input Text" owner="SeleniumLibrary">
<msg time="2025-08-03T17:02:52.415550" level="INFO">Typing text '0805741302' into text field 'xpath=//input[@type='text'][@class='form-input w-full']'.</msg>
<arg>${xpath-input user}</arg>
<arg>${username}</arg>
<doc>Types the given ``text`` into the text field identified by ``locator``.</doc>
<status status="PASS" start="2025-08-03T17:02:52.415550" elapsed="0.066436"/>
</kw>
<status status="PASS" start="2025-08-03T17:02:52.415550" elapsed="0.066819"/>
</kw>
<kw name="inpur pass">
<kw name="Input Password" owner="SeleniumLibrary">
<msg time="2025-08-03T17:02:52.482369" level="INFO">Typing password into text field 'xpath=//div/input[@type='password']'.</msg>
<msg time="2025-08-03T17:02:52.503312" level="INFO">Temporally setting log level to: NONE</msg>
<arg>${xpath-inpur pass }</arg>
<arg>${password}</arg>
<doc>Types the given password into the text field identified by ``locator``.</doc>
<status status="PASS" start="2025-08-03T17:02:52.482369" elapsed="0.056112"/>
</kw>
<status status="PASS" start="2025-08-03T17:02:52.482369" elapsed="0.056112"/>
</kw>
<kw name="delay after input data">
<kw name="Wait Until Element Is Visible" owner="SeleniumLibrary">
<arg>${xpath-delay after input data}</arg>
<doc>Waits until the element ``locator`` is visible.</doc>
<status status="PASS" start="2025-08-03T17:02:52.544555" elapsed="0.014236"/>
</kw>
<status status="PASS" start="2025-08-03T17:02:52.544555" elapsed="0.014236"/>
</kw>
<kw name="click login">
<kw name="Click Element" owner="SeleniumLibrary">
<msg time="2025-08-03T17:02:52.558791" level="INFO">Clicking element 'xpath=//div/button[@class='md:block rounded-lg font-bold whitespace-nowrap transition duration-200 ease-in-out px-6 py-3 bg-ui-primary text-ui-secondary hover:bg-ui-primary-hover active:bg-ui-primary focus:outline-none focus:ring focus:ring-ui-primary-stroke w-full']'.</msg>
<arg>${xpath-click login }</arg>
<doc>Click the element identified by ``locator``.</doc>
<status status="PASS" start="2025-08-03T17:02:52.558791" elapsed="0.041411"/>
</kw>
<status status="PASS" start="2025-08-03T17:02:52.558791" elapsed="0.041411"/>
</kw>
<kw name="click accept button">
<kw name="Click Button" owner="SeleniumLibrary">
<msg time="2025-08-03T17:02:52.600202" level="INFO">Clicking button 'xpath=//div/button[@id="accept-cookie-button"]'.</msg>
<arg>${xpaht-acctep-button}</arg>
<doc>Clicks the button identified by ``locator``.</doc>
<status status="PASS" start="2025-08-03T17:02:52.600202" elapsed="0.055489"/>
</kw>
<status status="PASS" start="2025-08-03T17:02:52.600202" elapsed="0.055489"/>
</kw>
<status status="PASS" start="2025-08-03T17:02:45.356950" elapsed="7.298741"/>
</kw>
<kw name="wait-click-Dropdown-right">
<kw name="Wait Until Element Is Enabled" owner="SeleniumLibrary">
<arg>${xpath-wait-click-Dropdown-right}</arg>
<arg>timeout=30s</arg>
<doc>Waits until the element ``locator`` is enabled.</doc>
<status status="PASS" start="2025-08-03T17:02:52.655691" elapsed="1.066539"/>
</kw>
<status status="PASS" start="2025-08-03T17:02:52.655691" elapsed="1.066539"/>
</kw>
<kw name="click-Dropdown-right">
<kw name="Click Element" owner="SeleniumLibrary">
<msg time="2025-08-03T17:02:53.723306" level="INFO">Clicking element 'xpath=//a[@href='#'][@id="memberDropdown"]'.</msg>
<arg>${xpath-click-Dropdown-right}</arg>
<doc>Click the element identified by ``locator``.</doc>
<status status="PASS" start="2025-08-03T17:02:53.722230" elapsed="0.042968"/>
</kw>
<status status="PASS" start="2025-08-03T17:02:53.722230" elapsed="0.042968"/>
</kw>
<kw name="click-click-button-buypackage">
<kw name="Click Element" owner="SeleniumLibrary">
<msg time="2025-08-03T17:02:53.766198" level="INFO">Clicking element 'xpath=//li/div/a[@class="dropdown-item"][contains(text(), 'ซื้อแพ็กเกจ')or contains(text(), 'Buy Package')]'.</msg>
<arg>${xpath--click-button-buypackage}</arg>
<doc>Click the element identified by ``locator``.</doc>
<status status="PASS" start="2025-08-03T17:02:53.765198" elapsed="0.609001"/>
</kw>
<status status="PASS" start="2025-08-03T17:02:53.765198" elapsed="0.609001"/>
</kw>
<kw name="wait-elelment-package-category">
<kw name="Wait Until Element Is Visible" owner="SeleniumLibrary">
<arg>${xpath-wait-elelment-package-category}</arg>
<doc>Waits until the element ``locator`` is visible.</doc>
<status status="PASS" start="2025-08-03T17:02:54.374199" elapsed="0.024882"/>
</kw>
<status status="PASS" start="2025-08-03T17:02:54.374199" elapsed="0.024882"/>
</kw>
<kw name="click-select-basic99">
<kw name="Click Element" owner="SeleniumLibrary">
<msg time="2025-08-03T17:02:54.399081" level="INFO">Clicking element 'xpath=(//div/div//button[@class="btn-primary w-full min-w-40"])[1]'.</msg>
<arg>${xpath-click-select-basic99}</arg>
<doc>Click the element identified by ``locator``.</doc>
<status status="PASS" start="2025-08-03T17:02:54.399081" elapsed="0.057080"/>
</kw>
<status status="PASS" start="2025-08-03T17:02:54.399081" elapsed="0.057080"/>
</kw>
<status status="PASS" start="2025-08-03T17:02:45.356950" elapsed="9.100211"/>
</test>
<status status="PASS" start="2025-08-03T17:02:45.204284" elapsed="9.252877"/>
</suite>
<statistics>
<total>
<stat pass="1" fail="0" skip="0">All Tests</stat>
</total>
<tag>
</tag>
<suite>
<stat name="Test" id="s1" pass="1" fail="0" skip="0">Test</stat>
</suite>
</statistics>
<errors>
</errors>
</robot>
