<?xml version="1.0" encoding="UTF-8"?>
<robot generator="Robot 7.3.2 (Python 3.11.9 on win32)" generated="2025-11-09T01:54:18.715190" rpa="false" schemaversion="5">
<suite id="s1" name="Testcase livetv" source="C:\Users\class\OneDrive\เอกสาร\GitHub\Monomax_web_automation\testcase\Testcase_livetv.robot">
<test id="s1-t1" name="LiveTV_01 User ที่ไม่ได้ Login จะดูได้แค่ช่อง Tier 'ดูได้ทุกคน'" line="6">
<kw name="open website Monomax" owner="Keywords_login">
<kw name="Open Browser" owner="SeleniumLibrary">
<msg time="2025-11-09T01:54:18.943130" level="INFO">Opening browser 'chrome' to base url 'https://staging.monomax.me/'.</msg>
<arg>${URL Server}</arg>
<arg>browser=chrome</arg>
<doc>Opens a new browser instance to the optional ``url``.</doc>
<status status="PASS" start="2025-11-09T01:54:18.943130" elapsed="12.153071"/>
</kw>
<status status="PASS" start="2025-11-09T01:54:18.942028" elapsed="12.154173"/>
</kw>
<kw name="Wait Element Page Website" owner="Keywords_login">
<kw name="Element Should Be Enabled" owner="SeleniumLibrary">
<arg>${Wait Element Page Website}</arg>
<doc>Verifies that element identified by ``locator`` is enabled.</doc>
<status status="PASS" start="2025-11-09T01:54:31.096201" elapsed="0.057387"/>
</kw>
<status status="PASS" start="2025-11-09T01:54:31.096201" elapsed="0.057387"/>
</kw>
<kw name="Click accept cookie" owner="Keywords_livetv">
<kw name="Click Element" owner="SeleniumLibrary">
<msg time="2025-11-09T01:54:31.154606" level="INFO">Clicking element '//button[@type="button"][@id="accept-cookie-button"]'.</msg>
<arg>${accept cookie}</arg>
<doc>Click the element identified by ``locator``.</doc>
<status status="PASS" start="2025-11-09T01:54:31.154606" elapsed="0.063421"/>
</kw>
<status status="PASS" start="2025-11-09T01:54:31.153588" elapsed="0.064439"/>
</kw>
<kw name="Click-element-menu-liveTv" owner="Keywords_livetv">
<kw name="Click Element" owner="SeleniumLibrary">
<msg time="2025-11-09T01:54:31.223325" level="INFO">Clicking element '//a[@class="text-white-primary" and (contains(@title, "รายการสด") or contains(@title, "Live"))]'.</msg>
<arg>${menu-liveTv}</arg>
<doc>Click the element identified by ``locator``.</doc>
<status status="PASS" start="2025-11-09T01:54:31.218027" elapsed="2.007785"/>
</kw>
<status status="PASS" start="2025-11-09T01:54:31.218027" elapsed="2.007785"/>
</kw>
<kw name="Sleep" owner="BuiltIn">
<msg time="2025-11-09T01:54:35.226024" level="INFO">Slept 2 seconds.</msg>
<arg>time_=2s</arg>
<doc>Pauses the test executed for the given time.</doc>
<status status="PASS" start="2025-11-09T01:54:33.225812" elapsed="2.000212"/>
</kw>
<status status="PASS" start="2025-11-09T01:54:18.940809" elapsed="16.285215"/>
</test>
<status status="PASS" start="2025-11-09T01:54:18.716301" elapsed="16.510755"/>
</suite>
<statistics>
<total>
<stat pass="1" fail="0" skip="0">All Tests</stat>
</total>
<tag>
</tag>
<suite>
<stat name="Testcase livetv" id="s1" pass="1" fail="0" skip="0">Testcase livetv</stat>
</suite>
</statistics>
<errors>
<msg time="2025-11-09T01:54:18.913774" level="ERROR">Error in file 'C:\Users\class\OneDrive\เอกสาร\GitHub\Monomax_web_automation\import.resource' on line 7: Error in file 'C:\Users\class\OneDrive\เอกสาร\GitHub\Monomax_web_automation\Testcase\Testcase_login.robot' on line 4: Resource file with 'Test Cases' section is invalid.</msg>
<msg time="2025-11-09T01:54:18.937594" level="ERROR">Error in file 'C:\Users\class\OneDrive\เอกสาร\GitHub\Monomax_web_automation\import.resource' on line 12: Error in file 'C:\Users\class\OneDrive\เอกสาร\GitHub\Monomax_web_automation\Testcase\Testcase_livetv.robot' on line 4: Resource file with 'Test Cases' section is invalid.</msg>
</errors>
</robot>
