<?xml version="1.0" encoding="UTF-8"?>
<robot generator="Robot 7.3.2 (Python 3.11.9 on win32)" generated="2025-11-05T17:12:37.081640" rpa="false" schemaversion="5">
<suite id="s1" name="Web" source="C:\Users\class\OneDrive\เอกสาร\GitHub\Monomax_web_automation\project\web.robot">
<test id="s1-t1" name="LN_001 Success-Login success with E-mail" line="213">
<kw name="Login with email">
<kw name="Open Website Monomax">
<kw name="Open Browser" owner="SeleniumLibrary">
<msg time="2025-11-05T17:12:37.344006" level="INFO">Opening browser 'chrome' to base url 'https://staging.monomax.me/'.</msg>
<arg>${Monomax-Staging}</arg>
<arg>browser=chrome</arg>
<doc>Opens a new browser instance to the optional ``url``.</doc>
<status status="PASS" start="2025-11-05T17:12:37.342993" elapsed="14.109183"/>
</kw>
<status status="PASS" start="2025-11-05T17:12:37.342993" elapsed="14.109183"/>
</kw>
<kw name="wait website ready">
<kw name="Wait Until Element Is Enabled" owner="SeleniumLibrary">
<arg>${xpath-wait website ready}</arg>
<doc>Waits until the element ``locator`` is enabled.</doc>
<status status="PASS" start="2025-11-05T17:12:51.453881" elapsed="0.082969"/>
</kw>
<status status="PASS" start="2025-11-05T17:12:51.453377" elapsed="0.083473"/>
</kw>
<kw name="click accept button">
<kw name="Click Button" owner="SeleniumLibrary">
<msg time="2025-11-05T17:12:51.536850" level="INFO">Clicking button 'xpath=//div/button[@id="accept-cookie-button"]'.</msg>
<arg>${xpaht-acctep-button}</arg>
<doc>Clicks the button identified by ``locator``.</doc>
<status status="PASS" start="2025-11-05T17:12:51.536850" elapsed="0.162431"/>
</kw>
<status status="PASS" start="2025-11-05T17:12:51.536850" elapsed="0.162431"/>
</kw>
<kw name="click open pop-up login">
<kw name="Click Button" owner="SeleniumLibrary">
<msg time="2025-11-05T17:12:51.699281" level="INFO">Clicking button 'xpath=//button[normalize-space()='เข้าสู่ระบบ'][@class='md:block rounded-lg font-bold whitespace-nowrap transition duration-200 ease-in-out px-4 py-2 bg-transparent text-ui-secondary border-2 border-ui-primary hover:bg-ui-primary/30 active:bg-transparent']'.</msg>
<arg>${xpath-click open pop-up login}</arg>
<doc>Clicks the button identified by ``locator``.</doc>
<status status="PASS" start="2025-11-05T17:12:51.699281" elapsed="0.077680"/>
</kw>
<status status="PASS" start="2025-11-05T17:12:51.699281" elapsed="0.077680"/>
</kw>
<kw name="click login with pass">
<kw name="Click Element" owner="SeleniumLibrary">
<msg time="2025-11-05T17:12:51.777464" level="INFO">Clicking element 'xpath=//div//span[@class='cursor-pointer']'.</msg>
<arg>${xpath-click login with pass}</arg>
<doc>Click the element identified by ``locator``.</doc>
<status status="PASS" start="2025-11-05T17:12:51.777464" elapsed="0.066512"/>
</kw>
<status status="PASS" start="2025-11-05T17:12:51.776961" elapsed="0.067015"/>
</kw>
<kw name="username-email">
<kw name="Input Text" owner="SeleniumLibrary">
<msg time="2025-11-05T17:12:51.843976" level="INFO">Typing text 'mono_stg01@gmail.com' into text field 'xpath=//input[@type='text'][@class='form-input w-full']'.</msg>
<arg>${xpath-username-email}</arg>
<arg>${username-email}</arg>
<doc>Types the given ``text`` into the text field identified by ``locator``.</doc>
<status status="PASS" start="2025-11-05T17:12:51.843976" elapsed="0.133207"/>
</kw>
<status status="PASS" start="2025-11-05T17:12:51.843976" elapsed="0.133207"/>
</kw>
<kw name="password-email">
<kw name="Input Password" owner="SeleniumLibrary">
<msg time="2025-11-05T17:12:51.978180" level="INFO">Typing password into text field 'xpath=//div/input[@type='password']'.</msg>
<msg time="2025-11-05T17:12:52.027719" level="INFO">Temporally setting log level to: NONE</msg>
<arg>${xpath-password-email}</arg>
<arg>${password-email}</arg>
<doc>Types the given password into the text field identified by ``locator``.</doc>
<status status="PASS" start="2025-11-05T17:12:51.977183" elapsed="0.109751"/>
</kw>
<status status="PASS" start="2025-11-05T17:12:51.977183" elapsed="0.109751"/>
</kw>
<kw name="delay after input data">
<kw name="Wait Until Element Is Visible" owner="SeleniumLibrary">
<arg>${xpath-delay after input data}</arg>
<doc>Waits until the element ``locator`` is visible.</doc>
<status status="PASS" start="2025-11-05T17:12:52.086934" elapsed="0.025638"/>
</kw>
<status status="PASS" start="2025-11-05T17:12:52.086934" elapsed="0.026636"/>
</kw>
<kw name="click login">
<kw name="Click Element" owner="SeleniumLibrary">
<msg time="2025-11-05T17:12:52.114718" level="INFO">Clicking element 'xpath=//div/button[@class='md:block rounded-lg font-bold whitespace-nowrap transition duration-200 ease-in-out px-6 py-3 bg-ui-primary text-ui-secondary hover:bg-ui-primary-hover active:bg-ui-primary focus:outline-none focus:ring focus:ring-ui-primary-stroke w-full']'.</msg>
<arg>${xpath-click login }</arg>
<doc>Click the element identified by ``locator``.</doc>
<status status="PASS" start="2025-11-05T17:12:52.113570" elapsed="0.076725"/>
</kw>
<status status="PASS" start="2025-11-05T17:12:52.113570" elapsed="0.077229"/>
</kw>
<status status="PASS" start="2025-11-05T17:12:37.342993" elapsed="14.847806"/>
</kw>
<status status="PASS" start="2025-11-05T17:12:37.342490" elapsed="14.848309"/>
</test>
<test id="s1-t2" name="LN_002 Success-Login success with mobile" line="216">
<kw name="Login with tel.">
<kw name="Open Website Monomax">
<kw name="Open Browser" owner="SeleniumLibrary">
<msg time="2025-11-05T17:12:52.191800" level="INFO">Opening browser 'chrome' to base url 'https://staging.monomax.me/'.</msg>
<arg>${Monomax-Staging}</arg>
<arg>browser=chrome</arg>
<doc>Opens a new browser instance to the optional ``url``.</doc>
<status status="PASS" start="2025-11-05T17:12:52.191800" elapsed="11.627047"/>
</kw>
<status status="PASS" start="2025-11-05T17:12:52.191800" elapsed="11.627047"/>
</kw>
<kw name="wait website ready">
<kw name="Wait Until Element Is Enabled" owner="SeleniumLibrary">
<arg>${xpath-wait website ready}</arg>
<doc>Waits until the element ``locator`` is enabled.</doc>
<status status="PASS" start="2025-11-05T17:13:03.818847" elapsed="0.027576"/>
</kw>
<status status="PASS" start="2025-11-05T17:13:03.818847" elapsed="0.027576"/>
</kw>
<kw name="click accept button">
<kw name="Click Button" owner="SeleniumLibrary">
<msg time="2025-11-05T17:13:03.847773" level="INFO">Clicking button 'xpath=//div/button[@id="accept-cookie-button"]'.</msg>
<arg>${xpaht-acctep-button}</arg>
<doc>Clicks the button identified by ``locator``.</doc>
<status status="PASS" start="2025-11-05T17:13:03.847773" elapsed="0.083604"/>
</kw>
<status status="PASS" start="2025-11-05T17:13:03.846423" elapsed="0.084954"/>
</kw>
<kw name="click open pop-up login">
<kw name="Click Button" owner="SeleniumLibrary">
<msg time="2025-11-05T17:13:03.932646" level="INFO">Clicking button 'xpath=//button[normalize-space()='เข้าสู่ระบบ'][@class='md:block rounded-lg font-bold whitespace-nowrap transition duration-200 ease-in-out px-4 py-2 bg-transparent text-ui-secondary border-2 border-ui-primary hover:bg-ui-primary/30 active:bg-transparent']'.</msg>
<arg>${xpath-click open pop-up login}</arg>
<doc>Clicks the button identified by ``locator``.</doc>
<status status="PASS" start="2025-11-05T17:13:03.932646" elapsed="0.073906"/>
</kw>
<status status="PASS" start="2025-11-05T17:13:03.932646" elapsed="0.073906"/>
</kw>
<kw name="click login with pass">
<kw name="Click Element" owner="SeleniumLibrary">
<msg time="2025-11-05T17:13:04.007720" level="INFO">Clicking element 'xpath=//div//span[@class='cursor-pointer']'.</msg>
<arg>${xpath-click login with pass}</arg>
<doc>Click the element identified by ``locator``.</doc>
<status status="PASS" start="2025-11-05T17:13:04.007720" elapsed="0.050255"/>
</kw>
<status status="PASS" start="2025-11-05T17:13:04.006552" elapsed="0.051423"/>
</kw>
<kw name="username-tel.">
<kw name="Input Text" owner="SeleniumLibrary">
<msg time="2025-11-05T17:13:04.057975" level="INFO">Typing text '0805741303' into text field 'xpath=//input[@type='text'][@class='form-input w-full']'.</msg>
<arg>${xpath-username-email}</arg>
<arg>${username-tel.}</arg>
<doc>Types the given ``text`` into the text field identified by ``locator``.</doc>
<status status="PASS" start="2025-11-05T17:13:04.057975" elapsed="0.109610"/>
</kw>
<status status="PASS" start="2025-11-05T17:13:04.057975" elapsed="0.109610"/>
</kw>
<kw name="password-tel.">
<kw name="Input Password" owner="SeleniumLibrary">
<msg time="2025-11-05T17:13:04.169089" level="INFO">Typing password into text field 'xpath=//div/input[@type='password']'.</msg>
<msg time="2025-11-05T17:13:04.208120" level="INFO">Temporally setting log level to: NONE</msg>
<arg>${xpath-password-email}</arg>
<arg>${password-tel.}</arg>
<doc>Types the given password into the text field identified by ``locator``.</doc>
<status status="PASS" start="2025-11-05T17:13:04.167585" elapsed="0.094735"/>
</kw>
<status status="PASS" start="2025-11-05T17:13:04.167585" elapsed="0.094735"/>
</kw>
<kw name="delay after input data">
<kw name="Wait Until Element Is Visible" owner="SeleniumLibrary">
<arg>${xpath-delay after input data}</arg>
<doc>Waits until the element ``locator`` is visible.</doc>
<status status="PASS" start="2025-11-05T17:13:04.263345" elapsed="0.017956"/>
</kw>
<status status="PASS" start="2025-11-05T17:13:04.262320" elapsed="0.018981"/>
</kw>
<kw name="click login">
<kw name="Click Element" owner="SeleniumLibrary">
<msg time="2025-11-05T17:13:04.281301" level="INFO">Clicking element 'xpath=//div/button[@class='md:block rounded-lg font-bold whitespace-nowrap transition duration-200 ease-in-out px-6 py-3 bg-ui-primary text-ui-secondary hover:bg-ui-primary-hover active:bg-ui-primary focus:outline-none focus:ring focus:ring-ui-primary-stroke w-full']'.</msg>
<arg>${xpath-click login }</arg>
<doc>Click the element identified by ``locator``.</doc>
<status status="PASS" start="2025-11-05T17:13:04.281301" elapsed="0.061287"/>
</kw>
<status status="PASS" start="2025-11-05T17:13:04.281301" elapsed="0.061287"/>
</kw>
<status status="PASS" start="2025-11-05T17:12:52.191800" elapsed="12.150788"/>
</kw>
<status status="PASS" start="2025-11-05T17:12:52.191800" elapsed="12.151837"/>
</test>
<test id="s1-t3" name="LN_005 Success-Login with multiple package success" line="219">
<kw name="Login with multiple package success">
<kw name="Open Website Monomax">
<kw name="Open Browser" owner="SeleniumLibrary">
<msg time="2025-11-05T17:13:04.345628" level="INFO">Opening browser 'chrome' to base url 'https://staging.monomax.me/'.</msg>
<arg>${Monomax-Staging}</arg>
<arg>browser=chrome</arg>
<doc>Opens a new browser instance to the optional ``url``.</doc>
<status status="PASS" start="2025-11-05T17:13:04.344633" elapsed="8.351775"/>
</kw>
<status status="PASS" start="2025-11-05T17:13:04.344633" elapsed="8.351775"/>
</kw>
<kw name="wait website ready">
<kw name="Wait Until Element Is Enabled" owner="SeleniumLibrary">
<arg>${xpath-wait website ready}</arg>
<doc>Waits until the element ``locator`` is enabled.</doc>
<status status="PASS" start="2025-11-05T17:13:12.697494" elapsed="0.029965"/>
</kw>
<status status="PASS" start="2025-11-05T17:13:12.696408" elapsed="0.031051"/>
</kw>
<kw name="click accept button">
<kw name="Click Button" owner="SeleniumLibrary">
<msg time="2025-11-05T17:13:12.727459" level="INFO">Clicking button 'xpath=//div/button[@id="accept-cookie-button"]'.</msg>
<arg>${xpaht-acctep-button}</arg>
<doc>Clicks the button identified by ``locator``.</doc>
<status status="PASS" start="2025-11-05T17:13:12.727459" elapsed="0.085739"/>
</kw>
<status status="PASS" start="2025-11-05T17:13:12.727459" elapsed="0.085739"/>
</kw>
<kw name="click open pop-up login">
<kw name="Click Button" owner="SeleniumLibrary">
<msg time="2025-11-05T17:13:12.814335" level="INFO">Clicking button 'xpath=//button[normalize-space()='เข้าสู่ระบบ'][@class='md:block rounded-lg font-bold whitespace-nowrap transition duration-200 ease-in-out px-4 py-2 bg-transparent text-ui-secondary border-2 border-ui-primary hover:bg-ui-primary/30 active:bg-transparent']'.</msg>
<arg>${xpath-click open pop-up login}</arg>
<doc>Clicks the button identified by ``locator``.</doc>
<status status="PASS" start="2025-11-05T17:13:12.814335" elapsed="0.066809"/>
</kw>
<status status="PASS" start="2025-11-05T17:13:12.813198" elapsed="0.069293"/>
</kw>
<kw name="click login with pass">
<kw name="Click Element" owner="SeleniumLibrary">
<msg time="2025-11-05T17:13:12.892451" level="INFO">Clicking element 'xpath=//div//span[@class='cursor-pointer']'.</msg>
<arg>${xpath-click login with pass}</arg>
<doc>Click the element identified by ``locator``.</doc>
<status status="PASS" start="2025-11-05T17:13:12.882491" elapsed="0.076623"/>
</kw>
<status status="PASS" start="2025-11-05T17:13:12.882491" elapsed="0.076623"/>
</kw>
<kw name="username-multi-package">
<kw name="Input Text" owner="SeleniumLibrary">
<msg time="2025-11-05T17:13:12.959114" level="INFO">Typing text '0805741303' into text field 'xpath=//input[@type='text'][@class='form-input w-full']'.</msg>
<arg>${xpath-username-email}</arg>
<arg>${username-multi-package}</arg>
<doc>Types the given ``text`` into the text field identified by ``locator``.</doc>
<status status="PASS" start="2025-11-05T17:13:12.959114" elapsed="0.109711"/>
</kw>
<status status="PASS" start="2025-11-05T17:13:12.959114" elapsed="0.109711"/>
</kw>
<kw name="password-multi-package">
<kw name="Input Password" owner="SeleniumLibrary">
<msg time="2025-11-05T17:13:13.068825" level="INFO">Typing password into text field 'xpath=//div/input[@type='password']'.</msg>
<msg time="2025-11-05T17:13:13.097513" level="INFO">Temporally setting log level to: NONE</msg>
<arg>${xpath-password-email}</arg>
<arg>${password-multi-package}</arg>
<doc>Types the given password into the text field identified by ``locator``.</doc>
<status status="PASS" start="2025-11-05T17:13:13.068825" elapsed="0.072575"/>
</kw>
<status status="PASS" start="2025-11-05T17:13:13.068825" elapsed="0.072575"/>
</kw>
<kw name="delay after input data">
<kw name="Wait Until Element Is Visible" owner="SeleniumLibrary">
<arg>${xpath-delay after input data}</arg>
<doc>Waits until the element ``locator`` is visible.</doc>
<status status="PASS" start="2025-11-05T17:13:13.142399" elapsed="0.034843"/>
</kw>
<status status="PASS" start="2025-11-05T17:13:13.141400" elapsed="0.035842"/>
</kw>
<kw name="click login">
<kw name="Click Element" owner="SeleniumLibrary">
<msg time="2025-11-05T17:13:13.178746" level="INFO">Clicking element 'xpath=//div/button[@class='md:block rounded-lg font-bold whitespace-nowrap transition duration-200 ease-in-out px-6 py-3 bg-ui-primary text-ui-secondary hover:bg-ui-primary-hover active:bg-ui-primary focus:outline-none focus:ring focus:ring-ui-primary-stroke w-full']'.</msg>
<arg>${xpath-click login }</arg>
<doc>Click the element identified by ``locator``.</doc>
<status status="PASS" start="2025-11-05T17:13:13.178746" elapsed="0.072470"/>
</kw>
<status status="PASS" start="2025-11-05T17:13:13.177242" elapsed="0.073974"/>
</kw>
<status status="PASS" start="2025-11-05T17:13:04.344633" elapsed="8.906583"/>
</kw>
<status status="PASS" start="2025-11-05T17:13:04.343637" elapsed="8.908988"/>
</test>
<test id="s1-t4" name="LN_006 Fail-Login fail with E-mail password incorrect" line="222">
<kw name="Login with E-mail password incorrect">
<kw name="Open Website Monomax">
<kw name="Open Browser" owner="SeleniumLibrary">
<msg time="2025-11-05T17:13:13.253824" level="INFO">Opening browser 'chrome' to base url 'https://staging.monomax.me/'.</msg>
<arg>${Monomax-Staging}</arg>
<arg>browser=chrome</arg>
<doc>Opens a new browser instance to the optional ``url``.</doc>
<status status="PASS" start="2025-11-05T17:13:13.253824" elapsed="12.369654"/>
</kw>
<status status="PASS" start="2025-11-05T17:13:13.253824" elapsed="12.369654"/>
</kw>
<kw name="wait website ready">
<kw name="Wait Until Element Is Enabled" owner="SeleniumLibrary">
<arg>${xpath-wait website ready}</arg>
<doc>Waits until the element ``locator`` is enabled.</doc>
<status status="PASS" start="2025-11-05T17:13:25.624482" elapsed="0.025866"/>
</kw>
<status status="PASS" start="2025-11-05T17:13:25.624482" elapsed="0.025866"/>
</kw>
<kw name="click accept button">
<kw name="Click Button" owner="SeleniumLibrary">
<msg time="2025-11-05T17:13:25.650348" level="INFO">Clicking button 'xpath=//div/button[@id="accept-cookie-button"]'.</msg>
<arg>${xpaht-acctep-button}</arg>
<doc>Clicks the button identified by ``locator``.</doc>
<status status="PASS" start="2025-11-05T17:13:25.650348" elapsed="0.082100"/>
</kw>
<status status="PASS" start="2025-11-05T17:13:25.650348" elapsed="0.082100"/>
</kw>
<kw name="click open pop-up login">
<kw name="Click Button" owner="SeleniumLibrary">
<msg time="2025-11-05T17:13:25.733453" level="INFO">Clicking button 'xpath=//button[normalize-space()='เข้าสู่ระบบ'][@class='md:block rounded-lg font-bold whitespace-nowrap transition duration-200 ease-in-out px-4 py-2 bg-transparent text-ui-secondary border-2 border-ui-primary hover:bg-ui-primary/30 active:bg-transparent']'.</msg>
<arg>${xpath-click open pop-up login}</arg>
<doc>Clicks the button identified by ``locator``.</doc>
<status status="PASS" start="2025-11-05T17:13:25.733453" elapsed="0.085229"/>
</kw>
<status status="PASS" start="2025-11-05T17:13:25.732448" elapsed="0.086234"/>
</kw>
<kw name="click login with pass">
<kw name="Click Element" owner="SeleniumLibrary">
<msg time="2025-11-05T17:13:25.820231" level="INFO">Clicking element 'xpath=//div//span[@class='cursor-pointer']'.</msg>
<arg>${xpath-click login with pass}</arg>
<doc>Click the element identified by ``locator``.</doc>
<status status="PASS" start="2025-11-05T17:13:25.818682" elapsed="0.051751"/>
</kw>
<status status="PASS" start="2025-11-05T17:13:25.818682" elapsed="0.051751"/>
</kw>
<kw name="username-email-incorrect">
<kw name="Input Text" owner="SeleniumLibrary">
<msg time="2025-11-05T17:13:25.870433" level="INFO">Typing text '1111111111' into text field 'xpath=//input[@type='text'][@class='form-input w-full']'.</msg>
<arg>${xpath-username-email}</arg>
<arg>${username-email-incorrect}</arg>
<doc>Types the given ``text`` into the text field identified by ``locator``.</doc>
<status status="PASS" start="2025-11-05T17:13:25.870433" elapsed="0.124170"/>
</kw>
<status status="PASS" start="2025-11-05T17:13:25.870433" elapsed="0.124170"/>
</kw>
<kw name="passname-email-incorrect">
<kw name="Input Password" owner="SeleniumLibrary">
<msg time="2025-11-05T17:13:25.995600" level="INFO">Typing password into text field 'xpath=//div/input[@type='password']'.</msg>
<msg time="2025-11-05T17:13:26.030079" level="INFO">Temporally setting log level to: NONE</msg>
<arg>${xpath-password-email}</arg>
<arg>${passname-email-incorrect}</arg>
<doc>Types the given password into the text field identified by ``locator``.</doc>
<status status="PASS" start="2025-11-05T17:13:25.995600" elapsed="0.108960"/>
</kw>
<status status="PASS" start="2025-11-05T17:13:25.994603" elapsed="0.109957"/>
</kw>
<kw name="delay after input data">
<kw name="Wait Until Element Is Visible" owner="SeleniumLibrary">
<arg>${xpath-delay after input data}</arg>
<doc>Waits until the element ``locator`` is visible.</doc>
<status status="PASS" start="2025-11-05T17:13:26.105629" elapsed="0.018788"/>
</kw>
<status status="PASS" start="2025-11-05T17:13:26.104560" elapsed="0.020907"/>
</kw>
<kw name="click login">
<kw name="Click Element" owner="SeleniumLibrary">
<msg time="2025-11-05T17:13:26.125467" level="INFO">Clicking element 'xpath=//div/button[@class='md:block rounded-lg font-bold whitespace-nowrap transition duration-200 ease-in-out px-6 py-3 bg-ui-primary text-ui-secondary hover:bg-ui-primary-hover active:bg-ui-primary focus:outline-none focus:ring focus:ring-ui-primary-stroke w-full']'.</msg>
<arg>${xpath-click login }</arg>
<doc>Click the element identified by ``locator``.</doc>
<status status="PASS" start="2025-11-05T17:13:26.125467" elapsed="0.068973"/>
</kw>
<status status="PASS" start="2025-11-05T17:13:26.125467" elapsed="0.068973"/>
</kw>
<kw name="wait-elememnt-verifly-text-incorrect">
<kw name="Wait Until Element Is Visible" owner="SeleniumLibrary">
<arg>${xpath-verifly-text-incorrect}</arg>
<arg>timeout=30s</arg>
<doc>Waits until the element ``locator`` is visible.</doc>
<status status="PASS" start="2025-11-05T17:13:26.194440" elapsed="0.457684"/>
</kw>
<status status="PASS" start="2025-11-05T17:13:26.194440" elapsed="0.457684"/>
</kw>
<kw name="verifly-text-incorrect">
<kw name="Element Should Contain" owner="SeleniumLibrary">
<msg time="2025-11-05T17:13:26.672369" level="INFO">Element 'xpath=//div[contains(@class, "text-ui-status-negative")]' contains text 'ชื่อผู้ใช้หรือรหัสผ่านไม่ถูกต้อง'.</msg>
<arg>${xpath-verifly-text-incorrect}</arg>
<arg>ชื่อผู้ใช้หรือรหัสผ่านไม่ถูกต้อง</arg>
<doc>Verifies that element ``locator`` contains text ``expected``.</doc>
<status status="PASS" start="2025-11-05T17:13:26.652124" elapsed="0.020245"/>
</kw>
<status status="PASS" start="2025-11-05T17:13:26.652124" elapsed="0.020245"/>
</kw>
<status status="PASS" start="2025-11-05T17:13:13.253321" elapsed="13.419048"/>
</kw>
<status status="PASS" start="2025-11-05T17:13:13.252625" elapsed="13.419744"/>
</test>
<test id="s1-t5" name="LN_007 Fail-Login fail with mobile password incorrect" line="225">
<kw name="Login fail with mobile password incorrect">
<kw name="Open Website Monomax">
<kw name="Open Browser" owner="SeleniumLibrary">
<msg time="2025-11-05T17:13:26.674524" level="INFO">Opening browser 'chrome' to base url 'https://staging.monomax.me/'.</msg>
<arg>${Monomax-Staging}</arg>
<arg>browser=chrome</arg>
<doc>Opens a new browser instance to the optional ``url``.</doc>
<status status="PASS" start="2025-11-05T17:13:26.673449" elapsed="12.257004"/>
</kw>
<status status="PASS" start="2025-11-05T17:13:26.673449" elapsed="12.257004"/>
</kw>
<kw name="wait website ready">
<kw name="Wait Until Element Is Enabled" owner="SeleniumLibrary">
<arg>${xpath-wait website ready}</arg>
<doc>Waits until the element ``locator`` is enabled.</doc>
<status status="PASS" start="2025-11-05T17:13:38.931506" elapsed="0.037263"/>
</kw>
<status status="PASS" start="2025-11-05T17:13:38.930453" elapsed="0.038316"/>
</kw>
<kw name="click accept button">
<kw name="Click Button" owner="SeleniumLibrary">
<msg time="2025-11-05T17:13:38.968769" level="INFO">Clicking button 'xpath=//div/button[@id="accept-cookie-button"]'.</msg>
<arg>${xpaht-acctep-button}</arg>
<doc>Clicks the button identified by ``locator``.</doc>
<status status="PASS" start="2025-11-05T17:13:38.968769" elapsed="0.124683"/>
</kw>
<status status="PASS" start="2025-11-05T17:13:38.968769" elapsed="0.124683"/>
</kw>
<kw name="click open pop-up login">
<kw name="Click Button" owner="SeleniumLibrary">
<msg time="2025-11-05T17:13:39.094470" level="INFO">Clicking button 'xpath=//button[normalize-space()='เข้าสู่ระบบ'][@class='md:block rounded-lg font-bold whitespace-nowrap transition duration-200 ease-in-out px-4 py-2 bg-transparent text-ui-secondary border-2 border-ui-primary hover:bg-ui-primary/30 active:bg-transparent']'.</msg>
<arg>${xpath-click open pop-up login}</arg>
<doc>Clicks the button identified by ``locator``.</doc>
<status status="PASS" start="2025-11-05T17:13:39.094470" elapsed="0.106741"/>
</kw>
<status status="PASS" start="2025-11-05T17:13:39.094470" elapsed="0.106741"/>
</kw>
<kw name="click login with pass">
<kw name="Click Element" owner="SeleniumLibrary">
<msg time="2025-11-05T17:13:39.202236" level="INFO">Clicking element 'xpath=//div//span[@class='cursor-pointer']'.</msg>
<arg>${xpath-click login with pass}</arg>
<doc>Click the element identified by ``locator``.</doc>
<status status="PASS" start="2025-11-05T17:13:39.201211" elapsed="0.123043"/>
</kw>
<status status="PASS" start="2025-11-05T17:13:39.201211" elapsed="0.123043"/>
</kw>
<kw name="username-tel.-incorrect">
<kw name="Input Text" owner="SeleniumLibrary">
<msg time="2025-11-05T17:13:39.325335" level="INFO">Typing text '110011' into text field 'xpath=//input[@type='text'][@class='form-input w-full']'.</msg>
<arg>${xpath-username-email}</arg>
<arg>${username-tel.-incorrect}</arg>
<doc>Types the given ``text`` into the text field identified by ``locator``.</doc>
<status status="PASS" start="2025-11-05T17:13:39.325335" elapsed="0.174929"/>
</kw>
<status status="PASS" start="2025-11-05T17:13:39.325335" elapsed="0.174929"/>
</kw>
<kw name="passname-tel.-incorrect">
<kw name="Input Password" owner="SeleniumLibrary">
<msg time="2025-11-05T17:13:39.501311" level="INFO">Typing password into text field 'xpath=//div/input[@type='password']'.</msg>
<msg time="2025-11-05T17:13:39.543284" level="INFO">Temporally setting log level to: NONE</msg>
<arg>${xpath-password-email}</arg>
<arg>${passname-tel.-incorrect}</arg>
<doc>Types the given password into the text field identified by ``locator``.</doc>
<status status="PASS" start="2025-11-05T17:13:39.501311" elapsed="0.150844"/>
</kw>
<status status="PASS" start="2025-11-05T17:13:39.500264" elapsed="0.152973"/>
</kw>
<kw name="delay after input data">
<kw name="Wait Until Element Is Visible" owner="SeleniumLibrary">
<arg>${xpath-delay after input data}</arg>
<doc>Waits until the element ``locator`` is visible.</doc>
<status status="PASS" start="2025-11-05T17:13:39.653237" elapsed="0.034959"/>
</kw>
<status status="PASS" start="2025-11-05T17:13:39.653237" elapsed="0.035462"/>
</kw>
<kw name="click login">
<kw name="Click Element" owner="SeleniumLibrary">
<msg time="2025-11-05T17:13:39.688699" level="INFO">Clicking element 'xpath=//div/button[@class='md:block rounded-lg font-bold whitespace-nowrap transition duration-200 ease-in-out px-6 py-3 bg-ui-primary text-ui-secondary hover:bg-ui-primary-hover active:bg-ui-primary focus:outline-none focus:ring focus:ring-ui-primary-stroke w-full']'.</msg>
<arg>${xpath-click login }</arg>
<doc>Click the element identified by ``locator``.</doc>
<status status="PASS" start="2025-11-05T17:13:39.688699" elapsed="0.115517"/>
</kw>
<status status="PASS" start="2025-11-05T17:13:39.688699" elapsed="0.115517"/>
</kw>
<kw name="wait-elememnt-verifly-text-incorrect">
<kw name="Wait Until Element Is Visible" owner="SeleniumLibrary">
<arg>${xpath-verifly-text-incorrect}</arg>
<arg>timeout=30s</arg>
<doc>Waits until the element ``locator`` is visible.</doc>
<status status="PASS" start="2025-11-05T17:13:39.804216" elapsed="0.496288"/>
</kw>
<status status="PASS" start="2025-11-05T17:13:39.804216" elapsed="0.496288"/>
</kw>
<kw name="verifly-text-incorrect">
<kw name="Element Should Contain" owner="SeleniumLibrary">
<msg time="2025-11-05T17:13:40.326692" level="INFO">Element 'xpath=//div[contains(@class, "text-ui-status-negative")]' contains text 'ชื่อผู้ใช้หรือรหัสผ่านไม่ถูกต้อง'.</msg>
<arg>${xpath-verifly-text-incorrect}</arg>
<arg>ชื่อผู้ใช้หรือรหัสผ่านไม่ถูกต้อง</arg>
<doc>Verifies that element ``locator`` contains text ``expected``.</doc>
<status status="PASS" start="2025-11-05T17:13:40.301615" elapsed="0.025077"/>
</kw>
<status status="PASS" start="2025-11-05T17:13:40.300504" elapsed="0.026188"/>
</kw>
<status status="PASS" start="2025-11-05T17:13:26.673449" elapsed="13.653243"/>
</kw>
<status status="PASS" start="2025-11-05T17:13:26.673449" elapsed="13.653243"/>
</test>
<test id="s1-t6" name="LN_008 Fail-Login fail E-mail not found" line="228">
<kw name="Login fail E-mail not found">
<kw name="Open Website Monomax">
<kw name="Open Browser" owner="SeleniumLibrary">
<msg time="2025-11-05T17:13:40.328763" level="INFO">Opening browser 'chrome' to base url 'https://staging.monomax.me/'.</msg>
<arg>${Monomax-Staging}</arg>
<arg>browser=chrome</arg>
<doc>Opens a new browser instance to the optional ``url``.</doc>
<status status="PASS" start="2025-11-05T17:13:40.327765" elapsed="12.811005"/>
</kw>
<status status="PASS" start="2025-11-05T17:13:40.327765" elapsed="12.811005"/>
</kw>
<kw name="wait website ready">
<kw name="Wait Until Element Is Enabled" owner="SeleniumLibrary">
<arg>${xpath-wait website ready}</arg>
<doc>Waits until the element ``locator`` is enabled.</doc>
<status status="PASS" start="2025-11-05T17:13:53.138770" elapsed="0.058727"/>
</kw>
<status status="PASS" start="2025-11-05T17:13:53.138770" elapsed="0.058727"/>
</kw>
<kw name="click accept button">
<kw name="Click Button" owner="SeleniumLibrary">
<msg time="2025-11-05T17:13:53.199013" level="INFO">Clicking button 'xpath=//div/button[@id="accept-cookie-button"]'.</msg>
<arg>${xpaht-acctep-button}</arg>
<doc>Clicks the button identified by ``locator``.</doc>
<status status="PASS" start="2025-11-05T17:13:53.199013" elapsed="0.227784"/>
</kw>
<status status="PASS" start="2025-11-05T17:13:53.197497" elapsed="0.229300"/>
</kw>
<kw name="click open pop-up login">
<kw name="Click Button" owner="SeleniumLibrary">
<msg time="2025-11-05T17:13:53.427908" level="INFO">Clicking button 'xpath=//button[normalize-space()='เข้าสู่ระบบ'][@class='md:block rounded-lg font-bold whitespace-nowrap transition duration-200 ease-in-out px-4 py-2 bg-transparent text-ui-secondary border-2 border-ui-primary hover:bg-ui-primary/30 active:bg-transparent']'.</msg>
<arg>${xpath-click open pop-up login}</arg>
<doc>Clicks the button identified by ``locator``.</doc>
<status status="PASS" start="2025-11-05T17:13:53.426797" elapsed="0.098309"/>
</kw>
<status status="PASS" start="2025-11-05T17:13:53.426797" elapsed="0.099344"/>
</kw>
<kw name="click login with pass">
<kw name="Click Element" owner="SeleniumLibrary">
<msg time="2025-11-05T17:13:53.526141" level="INFO">Clicking element 'xpath=//div//span[@class='cursor-pointer']'.</msg>
<arg>${xpath-click login with pass}</arg>
<doc>Click the element identified by ``locator``.</doc>
<status status="PASS" start="2025-11-05T17:13:53.526141" elapsed="0.069574"/>
</kw>
<status status="PASS" start="2025-11-05T17:13:53.526141" elapsed="0.069574"/>
</kw>
<kw name="username-email-notfound">
<kw name="Input Text" owner="SeleniumLibrary">
<msg time="2025-11-05T17:13:53.596725" level="INFO">Typing text 'testtest' into text field 'xpath=//input[@type='text'][@class='form-input w-full']'.</msg>
<arg>${xpath-username-email}</arg>
<arg>${username-email-notfound}</arg>
<doc>Types the given ``text`` into the text field identified by ``locator``.</doc>
<status status="PASS" start="2025-11-05T17:13:53.596725" elapsed="0.103318"/>
</kw>
<status status="PASS" start="2025-11-05T17:13:53.595715" elapsed="0.104328"/>
</kw>
<kw name="password-email-notfound">
<kw name="Input Password" owner="SeleniumLibrary">
<msg time="2025-11-05T17:13:53.701105" level="INFO">Typing password into text field 'xpath=//div/input[@type='password']'.</msg>
<msg time="2025-11-05T17:13:53.751649" level="INFO">Temporally setting log level to: NONE</msg>
<arg>${xpath-password-email}</arg>
<arg>${password-email-notfound}</arg>
<doc>Types the given password into the text field identified by ``locator``.</doc>
<status status="PASS" start="2025-11-05T17:13:53.700043" elapsed="0.115215"/>
</kw>
<status status="PASS" start="2025-11-05T17:13:53.700043" elapsed="0.115215"/>
</kw>
<kw name="delay after input data">
<kw name="Wait Until Element Is Visible" owner="SeleniumLibrary">
<arg>${xpath-delay after input data}</arg>
<doc>Waits until the element ``locator`` is visible.</doc>
<status status="PASS" start="2025-11-05T17:13:53.816262" elapsed="0.042376"/>
</kw>
<status status="PASS" start="2025-11-05T17:13:53.816262" elapsed="0.042376"/>
</kw>
<kw name="click login">
<kw name="Click Element" owner="SeleniumLibrary">
<msg time="2025-11-05T17:13:53.860213" level="INFO">Clicking element 'xpath=//div/button[@class='md:block rounded-lg font-bold whitespace-nowrap transition duration-200 ease-in-out px-6 py-3 bg-ui-primary text-ui-secondary hover:bg-ui-primary-hover active:bg-ui-primary focus:outline-none focus:ring focus:ring-ui-primary-stroke w-full']'.</msg>
<arg>${xpath-click login }</arg>
<doc>Click the element identified by ``locator``.</doc>
<status status="PASS" start="2025-11-05T17:13:53.860213" elapsed="0.074831"/>
</kw>
<status status="PASS" start="2025-11-05T17:13:53.860213" elapsed="0.074831"/>
</kw>
<kw name="wait-elememnt-verifly-text-incorrect">
<kw name="Wait Until Element Is Visible" owner="SeleniumLibrary">
<arg>${xpath-verifly-text-incorrect}</arg>
<arg>timeout=30s</arg>
<doc>Waits until the element ``locator`` is visible.</doc>
<status status="PASS" start="2025-11-05T17:13:53.935044" elapsed="0.452337"/>
</kw>
<status status="PASS" start="2025-11-05T17:13:53.935044" elapsed="0.452337"/>
</kw>
<kw name="verifly-text-incorrect">
<kw name="Element Should Contain" owner="SeleniumLibrary">
<msg time="2025-11-05T17:13:54.404999" level="INFO">Element 'xpath=//div[contains(@class, "text-ui-status-negative")]' contains text 'ชื่อผู้ใช้หรือรหัสผ่านไม่ถูกต้อง'.</msg>
<arg>${xpath-verifly-text-incorrect}</arg>
<arg>ชื่อผู้ใช้หรือรหัสผ่านไม่ถูกต้อง</arg>
<doc>Verifies that element ``locator`` contains text ``expected``.</doc>
<status status="PASS" start="2025-11-05T17:13:54.387381" elapsed="0.017618"/>
</kw>
<status status="PASS" start="2025-11-05T17:13:54.387381" elapsed="0.017618"/>
</kw>
<status status="PASS" start="2025-11-05T17:13:40.327765" elapsed="14.077234"/>
</kw>
<status status="PASS" start="2025-11-05T17:13:40.327765" elapsed="14.078473"/>
</test>
<status status="PASS" start="2025-11-05T17:12:37.082642" elapsed="77.323596"/>
</suite>
<statistics>
<total>
<stat pass="6" fail="0" skip="0">All Tests</stat>
</total>
<tag>
</tag>
<suite>
<stat name="Web" id="s1" pass="6" fail="0" skip="0">Web</stat>
</suite>
</statistics>
<errors>
</errors>
</robot>
