<?xml version="1.0" encoding="UTF-8"?>
<robot generator="Robot 7.3.2 (Python 3.11.9 on win32)" generated="2025-08-03T13:41:12.770777" rpa="false" schemaversion="5">
<suite id="s1" name="Monomax web automation" source="C:\Users\class\OneDrive\เอกสาร\GitHub\Monomax_web_automation">
<suite id="s1-s1" name="Project" source="C:\Users\class\OneDrive\เอกสาร\GitHub\Monomax_web_automation\project">
<suite id="s1-s1-s1" name="Test" source="C:\Users\class\OneDrive\เอกสาร\GitHub\Monomax_web_automation\project\test.robot">
<test id="s1-s1-s1-t1" name="tc-002 login sucessfully and buy package basic 99 / month" line="48">
<kw name="Login">
<kw name="Open Website Monomax">
<kw name="Open Browser" owner="SeleniumLibrary">
<msg time="2025-08-03T13:41:13.117507" level="INFO">Opening browser 'chrome' to base url 'https://staging.monomax.me/'.</msg>
<arg>${xpath-Open Website Monomax-Staging}</arg>
<arg>browser=chrome</arg>
<doc>Opens a new browser instance to the optional ``url``.</doc>
<status status="PASS" start="2025-08-03T13:41:13.111964" elapsed="68.558894"/>
</kw>
<status status="PASS" start="2025-08-03T13:41:13.111964" elapsed="68.559900"/>
</kw>
<kw name="wait website ready">
<kw name="Wait Until Element Is Enabled" owner="SeleniumLibrary">
<arg>${xpath-wait website ready}</arg>
<doc>Waits until the element ``locator`` is enabled.</doc>
<status status="PASS" start="2025-08-03T13:42:21.672870" elapsed="0.114591"/>
</kw>
<status status="PASS" start="2025-08-03T13:42:21.671864" elapsed="0.119678"/>
</kw>
<kw name="click open pop-up login">
<kw name="Click Button" owner="SeleniumLibrary">
<msg time="2025-08-03T13:42:21.791542" level="INFO">Clicking button 'xpath=//button[normalize-space()='เข้าสู่ระบบ'][@class='md:block rounded-lg font-bold whitespace-nowrap transition duration-200 ease-in-out px-4 py-2 bg-transparent text-ui-secondary border-2 border-ui-primary hover:bg-ui-primary/30 active:bg-transparent']'.</msg>
<arg>${xpath-click open pop-up login}</arg>
<doc>Clicks the button identified by ``locator``.</doc>
<status status="PASS" start="2025-08-03T13:42:21.791542" elapsed="0.079919"/>
</kw>
<status status="PASS" start="2025-08-03T13:42:21.791542" elapsed="0.079919"/>
</kw>
<kw name="click login with pass">
<kw name="Click Element" owner="SeleniumLibrary">
<msg time="2025-08-03T13:42:21.875463" level="INFO">Clicking element 'xpath=//div//span[@class='cursor-pointer']'.</msg>
<arg>${xpath-click login with pass}</arg>
<doc>Click the element identified by ``locator``.</doc>
<status status="PASS" start="2025-08-03T13:42:21.875463" elapsed="0.092171"/>
</kw>
<status status="PASS" start="2025-08-03T13:42:21.871461" elapsed="0.096173"/>
</kw>
<kw name="input user">
<kw name="Input Text" owner="SeleniumLibrary">
<msg time="2025-08-03T13:42:21.967634" level="INFO">Typing text '0805741302' into text field 'xpath=//input[@type='text'][@class='form-input w-full']'.</msg>
<arg>${xpath-input user}</arg>
<arg>${username}</arg>
<doc>Types the given ``text`` into the text field identified by ``locator``.</doc>
<status status="PASS" start="2025-08-03T13:42:21.967634" elapsed="0.145717"/>
</kw>
<status status="PASS" start="2025-08-03T13:42:21.967634" elapsed="0.150150"/>
</kw>
<kw name="inpur pass">
<kw name="Input Password" owner="SeleniumLibrary">
<msg time="2025-08-03T13:42:22.117784" level="INFO">Typing password into text field 'xpath=//div/input[@type='password']'.</msg>
<msg time="2025-08-03T13:42:22.179659" level="INFO">Temporally setting log level to: NONE</msg>
<arg>${xpath-inpur pass }</arg>
<arg>${password}</arg>
<doc>Types the given password into the text field identified by ``locator``.</doc>
<status status="PASS" start="2025-08-03T13:42:22.117784" elapsed="0.140154"/>
</kw>
<status status="PASS" start="2025-08-03T13:42:22.117784" elapsed="0.140154"/>
</kw>
<kw name="delay after input data">
<kw name="Wait Until Element Is Visible" owner="SeleniumLibrary">
<arg>${xpath-delay after input data}</arg>
<doc>Waits until the element ``locator`` is visible.</doc>
<status status="PASS" start="2025-08-03T13:42:22.257938" elapsed="0.028240"/>
</kw>
<status status="PASS" start="2025-08-03T13:42:22.257938" elapsed="0.028240"/>
</kw>
<kw name="click login">
<kw name="Click Element" owner="SeleniumLibrary">
<msg time="2025-08-03T13:42:22.287319" level="INFO">Clicking element 'xpath=//div/button[@class='md:block rounded-lg font-bold whitespace-nowrap transition duration-200 ease-in-out px-6 py-3 bg-ui-primary text-ui-secondary hover:bg-ui-primary-hover active:bg-ui-primary focus:outline-none focus:ring focus:ring-ui-primary-stroke w-full']'.</msg>
<arg>${xpath-click login }</arg>
<doc>Click the element identified by ``locator``.</doc>
<status status="PASS" start="2025-08-03T13:42:22.287319" elapsed="0.103167"/>
</kw>
<status status="PASS" start="2025-08-03T13:42:22.287319" elapsed="0.103167"/>
</kw>
<status status="PASS" start="2025-08-03T13:41:13.111964" elapsed="69.278522"/>
</kw>
<kw name="wait-click-button-buy-package">
<kw name="Wait Until Element Is Enabled" owner="SeleniumLibrary">
<arg>${xpath-wait-click-button-buy-package}</arg>
<doc>Waits until the element ``locator`` is enabled.</doc>
<status status="PASS" start="2025-08-03T13:42:22.394551" elapsed="28.394792"/>
</kw>
<status status="PASS" start="2025-08-03T13:42:22.390486" elapsed="28.398857"/>
</kw>
<status status="PASS" start="2025-08-03T13:41:13.106936" elapsed="97.682407"/>
</test>
<status status="PASS" start="2025-08-03T13:41:12.850475" elapsed="97.946868"/>
</suite>
<status status="PASS" start="2025-08-03T13:41:12.850475" elapsed="97.954873"/>
</suite>
<status status="PASS" start="2025-08-03T13:41:12.777530" elapsed="98.031814"/>
</suite>
<statistics>
<total>
<stat pass="1" fail="0" skip="0">All Tests</stat>
</total>
<tag>
</tag>
<suite>
<stat name="Monomax web automation" id="s1" pass="1" fail="0" skip="0">Monomax web automation</stat>
<stat name="Project" id="s1-s1" pass="1" fail="0" skip="0">Monomax web automation.Project</stat>
<stat name="Test" id="s1-s1-s1" pass="1" fail="0" skip="0">Monomax web automation.Project.Test</stat>
</suite>
</statistics>
<errors>
</errors>
</robot>
